<?xml version="1.0" encoding="UTF-8" ?>
<testsuite tests="6" failures="0" name="nl.hyranasoftware.githubupdater.tests.UpdateTest" time="12.962" errors="0" skipped="0">
  <properties>
[...]
</properties>
  <testcase classname="nl.hyranasoftware.githubupdater.tests.UpdateTest" name="downloadLatestToSpecificDirectory" time="5.831"/>
  <testcase classname="nl.hyranasoftware.githubupdater.tests.UpdateTest" name="checkForUpdate" time="0.363"/>
  <testcase classname="nl.hyranasoftware.githubupdater.tests.UpdateTest" name="getAllReleases" time="0.219"/>
  <testcase classname="nl.hyranasoftware.githubupdater.tests.UpdateTest" name="overwriteCurrentApplication" time="3.893"/>
  <testcase classname="nl.hyranasoftware.githubupdater.tests.UpdateTest" name="downloadLatestRelease" time="2.424"/>
  <testcase classname="nl.hyranasoftware.githubupdater.tests.UpdateTest" name="getLatestRelease" time="0.172"/>
</testsuite>